-------------------------------------------------------------------------------
Test set: br.com.convergencia.testejavar1.TesteJavaR1ApplicationTests
-------------------------------------------------------------------------------
Tests run: 1, Failures: 0, Errors: 1, Skipped: 0, Time elapsed: 0.14 s <<< FAILURE! - in br.com.convergencia.testejavar1.TesteJavaR1ApplicationTests
br.com.convergencia.testejavar1.TesteJavaR1ApplicationTests  Time elapsed: 0.139 s  <<< ERROR!
java.lang.IllegalStateException: Unable to find a @SpringBootConfiguration, you need to use @ContextConfiguration or @SpringBootTest(classes=...) with your test

